<?xml version="1.0" encoding="UTF-8"?>
<!-- Generated by org.testng.reporters.JUnitReportReporter -->
<testsuite hostname="sys" name="day12.MultipleWindows1" tests="1" failures="0" timestamp="8 Jul 2015 07:02:55 GMT" time="24.056" errors="0">
  <testcase name="multipleWindowtest" time="24.056" classname="day12.MultipleWindows1"/>
</testsuite> <!-- day12.MultipleWindows1 -->
