<?xml version="1.0" encoding="UTF-8"?>
<!-- Generated by org.testng.reporters.JUnitReportReporter -->
<testsuite hostname="sys" name="day16.DatadrivenTesting1" tests="1" failures="0" timestamp="16 Jul 2015 07:17:05 GMT" time="38.721" errors="0">
  <testcase name="datadrivenTest" time="38.721" classname="day16.DatadrivenTesting1"/>
</testsuite> <!-- day16.DatadrivenTesting1 -->
