<?xml version="1.0" encoding="UTF-8"?>
<!-- Generated by org.testng.reporters.JUnitReportReporter -->
<testsuite hostname="sys" name="day15.ExcelWrite" tests="1" failures="0" timestamp="14 Jul 2015 07:20:16 GMT" time="0.920" errors="0">
  <testcase name="Excel" time="0.920" classname="day15.ExcelWrite"/>
</testsuite> <!-- day15.ExcelWrite -->
