<?xml version="1.0" encoding="UTF-8"?>
<!-- Generated by org.testng.reporters.JUnitReportReporter -->
<testsuite hostname="sys" name="day10.XpathCreation" tests="1" failures="0" timestamp="17 Jul 2015 06:06:42 GMT" time="8.273" errors="0">
  <testcase name="xpathTest" time="8.273" classname="day10.XpathCreation"/>
</testsuite> <!-- day10.XpathCreation -->
