<?xml version="1.0" encoding="UTF-8"?>
<!-- Generated by org.testng.reporters.JUnitReportReporter -->
<testsuite hostname="sys" name="day11.RadioButtons2" tests="1" failures="0" timestamp="7 Jul 2015 06:31:52 GMT" time="12.337" errors="0">
  <testcase name="radioButtonsTest" time="12.337" classname="day11.RadioButtons2"/>
</testsuite> <!-- day11.RadioButtons2 -->
