<?xml version="1.0" encoding="UTF-8"?>
<!-- Generated by org.testng.reporters.JUnitReportReporter -->
<testsuite hostname="sys" name="day20.YahooLogin" tests="1" failures="0" timestamp="24 Jul 2015 06:09:27 GMT" time="9.644" errors="0">
  <testcase name="loginTest" time="9.644" classname="day20.YahooLogin"/>
</testsuite> <!-- day20.YahooLogin -->
