<?xml version="1.0" encoding="UTF-8"?>
<!-- Generated by org.testng.reporters.JUnitReportReporter -->
<testsuite hostname="sys" name="day16.DropdownExcel" tests="1" failures="0" timestamp="16 Jul 2015 06:28:19 GMT" time="75.528" errors="0">
  <testcase name="excelDropdown" time="75.528" classname="day16.DropdownExcel"/>
</testsuite> <!-- day16.DropdownExcel -->
