<?xml version="1.0" encoding="UTF-8"?>
<!-- Generated by org.testng.reporters.JUnitReportReporter -->
<testsuite hostname="sys" name="day9.Sample" tests="2" failures="0" timestamp="3 Jul 2015 19:26:50 GMT" time="0.015" errors="0">
  <testcase name="registration" time="0.000" classname="day9.Sample"/>
  <testcase name="loginTest" time="0.015" classname="day9.Sample"/>
</testsuite> <!-- day9.Sample -->
