<?xml version="1.0" encoding="UTF-8"?>
<!-- Generated by org.testng.reporters.JUnitReportReporter -->
<testsuite hostname="sys" name="day9.CheckBoxesTesting1" tests="1" failures="0" timestamp="3 Jul 2015 19:43:05 GMT" time="13.611" errors="0">
  <testcase name="checkBoxtest" time="13.611" classname="day9.CheckBoxesTesting1"/>
</testsuite> <!-- day9.CheckBoxesTesting1 -->
