<?xml version="1.0" encoding="UTF-8"?>
<!-- Generated by org.testng.reporters.JUnitReportReporter -->
<testsuite hostname="sys" name="day13.Webtabletesting1" tests="1" failures="0" timestamp="10 Jul 2015 07:03:19 GMT" time="11.304" errors="0">
  <testcase name="webtabletest" time="11.304" classname="day13.Webtabletesting1"/>
</testsuite> <!-- day13.Webtabletesting1 -->
