<?xml version="1.0" encoding="UTF-8"?>
<!-- Generated by org.testng.reporters.JUnitReportReporter -->
<testsuite hostname="sys" name="day12.MouseHover" tests="1" failures="0" timestamp="8 Jul 2015 06:07:18 GMT" time="12.041" errors="0">
  <testcase name="mouseHoverTest" time="12.041" classname="day12.MouseHover"/>
</testsuite> <!-- day12.MouseHover -->
