<?xml version="1.0" encoding="UTF-8"?>
<!-- Generated by org.testng.reporters.JUnitReportReporter -->
<testsuite hostname="sys" name="day23.POMControl" tests="1" failures="0" timestamp="30 Jul 2015 06:34:31 GMT" time="12.273" errors="0">
  <testcase name="pomTest" time="12.273" classname="day23.POMControl"/>
</testsuite> <!-- day23.POMControl -->
