<?xml version="1.0" encoding="UTF-8"?>
<!-- Generated by org.testng.reporters.JUnitReportReporter -->
<testsuite hostname="sys" name="day15.AjaxAutosuggestions" tests="1" failures="0" timestamp="14 Jul 2015 06:26:07 GMT" time="8.138" errors="0">
  <testcase name="ajaxtest" time="8.138" classname="day15.AjaxAutosuggestions"/>
</testsuite> <!-- day15.AjaxAutosuggestions -->
