<?xml version="1.0" encoding="UTF-8"?>
<!-- Generated by org.testng.reporters.JUnitReportReporter -->
<testsuite hostname="sys" name="day21.YahooLogin_DataProvider" tests="2" failures="0" timestamp="24 Jul 2015 07:15:34 GMT" time="30.845" errors="0">
  <testcase name="loginTest" time="20.057" classname="day21.YahooLogin_DataProvider"/>
  <testcase name="loginTest" time="10.788" classname="day21.YahooLogin_DataProvider"/>
</testsuite> <!-- day21.YahooLogin_DataProvider -->
