<?xml version="1.0" encoding="UTF-8"?>
<!-- Generated by org.testng.reporters.JUnitReportReporter -->
<testsuite hostname="sys" name="day14.ImplicitWait" tests="1" failures="0" timestamp="13 Jul 2015 06:54:56 GMT" time="22.258" errors="0">
  <testcase name="waitTest" time="22.258" classname="day14.ImplicitWait"/>
</testsuite> <!-- day14.ImplicitWait -->
