<?xml version="1.0" encoding="UTF-8"?>
<!-- Generated by org.testng.reporters.JUnitReportReporter -->
<testsuite hostname="sys" name="day17.DatdrivenTesting2" tests="1" failures="0" timestamp="17 Jul 2015 06:18:36 GMT" time="17.885" errors="0">
  <testcase name="datadrivenTest" time="17.885" classname="day17.DatdrivenTesting2"/>
</testsuite> <!-- day17.DatdrivenTesting2 -->
