<?xml version="1.0" encoding="UTF-8"?>
<!-- Generated by org.testng.reporters.JUnitReportReporter -->
<testsuite hostname="sys" name="day21.DatadrivenOnGrid" tests="2" failures="0" timestamp="24 Jul 2015 06:42:56 GMT" time="78.739" errors="0">
  <testcase name="linksTest" time="34.004" classname="day21.DatadrivenOnGrid"/>
  <testcase name="linksTest" time="44.735" classname="day21.DatadrivenOnGrid"/>
</testsuite> <!-- day21.DatadrivenOnGrid -->
