<?xml version="1.0" encoding="UTF-8"?>
<!-- Generated by org.testng.reporters.JUnitReportReporter -->
<testsuite hostname="sys" name="day15.ExcelRead" tests="1" failures="0" timestamp="14 Jul 2015 07:03:12 GMT" time="0.840" errors="0">
  <testcase name="excel" time="0.840" classname="day15.ExcelRead"/>
</testsuite> <!-- day15.ExcelRead -->
