<?xml version="1.0" encoding="UTF-8"?>
<!-- Generated by org.testng.reporters.JUnitReportReporter -->
<testsuite hostname="sys" name="day18.YahooLogin" tests="1" failures="0" timestamp="20 Jul 2015 06:21:28 GMT" time="14.266" errors="0">
  <testcase name="loginTest" time="14.266" classname="day18.YahooLogin"/>
</testsuite> <!-- day18.YahooLogin -->
