<?xml version="1.0" encoding="UTF-8"?>
<!-- Generated by org.testng.reporters.JUnitReportReporter -->
<testsuite hostname="sys" name="day18.Login" tests="1" failures="0" timestamp="21 Jul 2015 18:12:41 GMT" time="2.690" errors="0">
  <testcase name="loginTest" time="2.690" classname="day18.Login"/>
</testsuite> <!-- day18.Login -->
