<?xml version="1.0" encoding="UTF-8"?>
<!-- Generated by org.testng.reporters.JUnitReportReporter -->
<testsuite hostname="sys" name="day13.Webtabletesting2" tests="1" failures="0" timestamp="10 Jul 2015 07:18:27 GMT" time="17.223" errors="0">
  <testcase name="webtabletest" time="17.223" classname="day13.Webtabletesting2"/>
</testsuite> <!-- day13.Webtabletesting2 -->
