<?xml version="1.0" encoding="UTF-8"?>
<!-- Generated by org.testng.reporters.JUnitReportReporter -->
<testsuite hostname="sys" name="day11.DragandDrop" tests="1" failures="0" timestamp="7 Jul 2015 07:20:37 GMT" time="10.672" errors="0">
  <testcase name="dragandDropTest" time="10.672" classname="day11.DragandDrop"/>
</testsuite> <!-- day11.DragandDrop -->
