<?xml version="1.0" encoding="UTF-8"?>
<!-- Generated by org.testng.reporters.JUnitReportReporter -->
<testsuite hostname="sys" name="day12.SliderBar" tests="1" failures="0" timestamp="8 Jul 2015 06:22:18 GMT" time="11.792" errors="0">
  <testcase name="sliderTest" time="11.792" classname="day12.SliderBar"/>
</testsuite> <!-- day12.SliderBar -->
