<?xml version="1.0" encoding="UTF-8"?>
<!-- Generated by org.testng.reporters.JUnitReportReporter -->
<testsuite hostname="sys" name="day16.WebtableExcel" tests="1" failures="0" timestamp="16 Jul 2015 06:42:03 GMT" time="15.794" errors="0">
  <testcase name="webtabletest" time="15.794" classname="day16.WebtableExcel"/>
</testsuite> <!-- day16.WebtableExcel -->
