<?xml version="1.0" encoding="UTF-8"?>
<!-- Generated by org.testng.reporters.JUnitReportReporter -->
<testsuite hostname="sys" name="day9.Xpath" tests="1" failures="0" timestamp="6 Jul 2015 07:21:21 GMT" time="13.600" errors="0">
  <testcase name="xpathTest" time="13.600" classname="day9.Xpath"/>
</testsuite> <!-- day9.Xpath -->
