<?xml version="1.0" encoding="UTF-8"?>
<!-- Generated by org.testng.reporters.JUnitReportReporter -->
<testsuite hostname="sys" name="day11.Frames1" tests="1" failures="0" timestamp="7 Jul 2015 06:52:51 GMT" time="11.229" errors="0">
  <testcase name="framesTest" time="11.229" classname="day11.Frames1"/>
</testsuite> <!-- day11.Frames1 -->
