<?xml version="1.0" encoding="UTF-8"?>
<!-- Generated by org.testng.reporters.JUnitReportReporter -->
<testsuite hostname="sys" name="day21.DropdownOnGrid" tests="2" failures="0" timestamp="24 Jul 2015 06:25:30 GMT" time="156.478" errors="0">
  <testcase name="dropdownTest" time="100.178" classname="day21.DropdownOnGrid"/>
  <testcase name="dropdownTest" time="56.300" classname="day21.DropdownOnGrid"/>
</testsuite> <!-- day21.DropdownOnGrid -->
