<?xml version="1.0" encoding="UTF-8"?>
<!-- Generated by org.testng.reporters.JUnitReportReporter -->
<testsuite hostname="sys" name="day11.RightClickOperation" tests="1" failures="0" timestamp="7 Jul 2015 07:07:55 GMT" time="7.387" errors="0">
  <testcase name="rightClickTest" time="7.387" classname="day11.RightClickOperation"/>
</testsuite> <!-- day11.RightClickOperation -->
