<?xml version="1.0" encoding="UTF-8"?>
<!-- Generated by org.testng.reporters.JUnitReportReporter -->
<testsuite hostname="sys" name="day11.RadioButtons1" tests="1" failures="0" timestamp="7 Jul 2015 06:10:51 GMT" time="11.900" errors="0">
  <testcase name="radioButtonsTest" time="11.900" classname="day11.RadioButtons1"/>
</testsuite> <!-- day11.RadioButtons1 -->
