<?xml version="1.0" encoding="UTF-8"?>
<!-- Generated by org.testng.reporters.JUnitReportReporter -->
<testsuite hostname="sys" name="day9.HeadLineLinks" tests="1" failures="0" timestamp="6 Jul 2015 06:51:10 GMT" time="9.893" errors="0">
  <testcase name="xpathTest" time="9.893" classname="day9.HeadLineLinks"/>
</testsuite> <!-- day9.HeadLineLinks -->
