<?xml version="1.0" encoding="UTF-8"?>
<!-- Generated by org.testng.reporters.JUnitReportReporter -->
<testsuite hostname="sys" name="day14.ExplicitWait_Flunetwait" tests="1" failures="0" timestamp="13 Jul 2015 07:24:53 GMT" time="28.869" errors="0">
  <testcase name="waitTest" time="28.869" classname="day14.ExplicitWait_Flunetwait"/>
</testsuite> <!-- day14.ExplicitWait_Flunetwait -->
