<?xml version="1.0" encoding="UTF-8"?>
<!-- Generated by org.testng.reporters.JUnitReportReporter -->
<testsuite hostname="sys" name="day14.CookiesTesting" tests="1" failures="0" timestamp="13 Jul 2015 06:35:30 GMT" time="12.924" errors="0">
  <testcase name="cookiesTest" time="12.924" classname="day14.CookiesTesting"/>
</testsuite> <!-- day14.CookiesTesting -->
