<?xml version="1.0" encoding="UTF-8"?>
<!-- Generated by org.testng.reporters.JUnitReportReporter -->
<testsuite hostname="sys" name="day13.CaptchaAutomation" tests="1" failures="0" timestamp="10 Jul 2015 06:22:31 GMT" time="22.110" errors="0">
  <testcase name="captchatest" time="22.110" classname="day13.CaptchaAutomation"/>
</testsuite> <!-- day13.CaptchaAutomation -->
