<?xml version="1.0" encoding="UTF-8"?>
<!-- Generated by org.testng.reporters.JUnitReportReporter -->
<testsuite hostname="sys" name="day9.CheckBoxexTesting2" tests="1" failures="0" timestamp="3 Jul 2015 19:56:04 GMT" time="12.885" errors="0">
  <testcase name="checkBoxtest" time="12.885" classname="day9.CheckBoxexTesting2"/>
</testsuite> <!-- day9.CheckBoxexTesting2 -->
