<?xml version="1.0" encoding="UTF-8"?>
<!-- Generated by org.testng.reporters.JUnitReportReporter -->
<testsuite hostname="sys" name="day14.WebtableDynamic" tests="1" failures="0" timestamp="16 Jul 2015 06:38:56 GMT" time="13.730" errors="0">
  <testcase name="webtabletest" time="13.730" classname="day14.WebtableDynamic"/>
</testsuite> <!-- day14.WebtableDynamic -->
