<?xml version="1.0" encoding="UTF-8"?>
<!-- Generated by org.testng.reporters.JUnitReportReporter -->
<testsuite hostname="Office-PC" name="Sep10.Staticwebtable1all" tests="1" failures="0" timestamp="10 Sep 2015 17:37:43 GMT" time="38.087" errors="0">
  <testcase name="staticwebtableTest" time="38.087" classname="Sep10.Staticwebtable1all"/>
</testsuite> <!-- Sep10.Staticwebtable1all -->
