<?xml version="1.0" encoding="UTF-8"?>
<!-- Generated by org.testng.reporters.JUnitReportReporter -->
<testsuite hostname="Office-PC" name="Sep4.multiplwndwbychrme" tests="1" failures="0" timestamp="8 Sep 2015 08:18:16 GMT" time="50.732" errors="0">
  <testcase name="multipleWindowTest" time="50.732" classname="Sep4.multiplwndwbychrme"/>
</testsuite> <!-- Sep4.multiplwndwbychrme -->
