<?xml version="1.0" encoding="UTF-8"?>
<!-- Generated by org.testng.reporters.JUnitReportReporter -->
<testsuite hostname="Office-PC" name="Sep10.cookiestesting" tests="1" failures="0" timestamp="11 Sep 2015 04:09:18 GMT" time="36.235" errors="0">
  <testcase name="cookiSetTest" time="36.235" classname="Sep10.cookiestesting"/>
</testsuite> <!-- Sep10.cookiestesting -->
