<?xml version="1.0" encoding="UTF-8"?>
<!-- Generated by org.testng.reporters.JUnitReportReporter -->
<testsuite hostname="Office-PC" name="Sep4.Multiplewndws2" tests="1" failures="0" timestamp="6 Sep 2015 05:34:39 GMT" time="27.315" errors="0">
  <testcase name="multipleWindowTest" time="27.315" classname="Sep4.Multiplewndws2"/>
</testsuite> <!-- Sep4.Multiplewndws2 -->
