<?xml version="1.0" encoding="UTF-8"?>
<!-- Generated by org.testng.reporters.JUnitReportReporter -->
<testsuite hostname="Office-PC" name="Sep9.Explicitwait_Webdriverwait" tests="1" failures="0" timestamp="9 Sep 2015 10:54:19 GMT" time="33.563" errors="0">
  <testcase name="expliwaitTest" time="33.563" classname="Sep9.Explicitwait_Webdriverwait"/>
</testsuite> <!-- Sep9.Explicitwait_Webdriverwait -->
