<?xml version="1.0" encoding="UTF-8"?>
<!-- Generated by org.testng.reporters.JUnitReportReporter -->
<testsuite hostname="Office-PC" name="Sep8.Slidebar" tests="1" failures="0" timestamp="8 Sep 2015 17:58:08 GMT" time="16.149" errors="0">
  <testcase name="slidebarTest" time="16.149" classname="Sep8.Slidebar"/>
</testsuite> <!-- Sep8.Slidebar -->
