<?xml version="1.0" encoding="UTF-8"?>
<!-- Generated by org.testng.reporters.JUnitReportReporter -->
<testsuite hostname="Office-PC" name="SEGrid.yahoologin" tests="1" failures="0" timestamp="23 Sep 2015 12:05:07 GMT" time="17.556" errors="0">
  <testcase name="loginTest" time="17.556" classname="SEGrid.yahoologin"/>
</testsuite> <!-- SEGrid.yahoologin -->
