<?xml version="1.0" encoding="UTF-8"?>
<!-- Generated by org.testng.reporters.JUnitReportReporter -->
<testsuite hostname="Office-PC" name="Sep8.Frames1" tests="1" failures="0" timestamp="8 Sep 2015 17:19:24 GMT" time="18.781" errors="0">
  <testcase name="framesTest" time="18.781" classname="Sep8.Frames1"/>
</testsuite> <!-- Sep8.Frames1 -->
