<?xml version="1.0" encoding="UTF-8"?>
<!-- Generated by org.testng.reporters.JUnitReportReporter -->
<testsuite hostname="Office-PC" name="Sep3.Xpathheadlineslnk" tests="1" failures="0" timestamp="4 Sep 2015 03:38:34 GMT" time="16.911" errors="0">
  <testcase name="xpathTest" time="16.911" classname="Sep3.Xpathheadlineslnk"/>
</testsuite> <!-- Sep3.Xpathheadlineslnk -->
