<?xml version="1.0" encoding="UTF-8"?>
<!-- Generated by org.testng.reporters.JUnitReportReporter -->
<testsuite hostname="Office-PC" name="POM.TestCase1" tests="1" failures="0" timestamp="1 Oct 2015 10:07:26 GMT" time="33.097" errors="0">
  <testcase name="pomTest" time="33.097" classname="POM.TestCase1"/>
</testsuite> <!-- POM.TestCase1 -->
