<?xml version="1.0" encoding="UTF-8"?>
<!-- Generated by org.testng.reporters.JUnitReportReporter -->
<testsuite hostname="Office-PC" name="Sep8.Draganddrop" tests="1" failures="0" timestamp="8 Sep 2015 17:34:38 GMT" time="15.564" errors="0">
  <testcase name="draganddropTest" time="15.564" classname="Sep8.Draganddrop"/>
</testsuite> <!-- Sep8.Draganddrop -->
