<?xml version="1.0" encoding="UTF-8"?>
<!-- Generated by org.testng.reporters.JUnitReportReporter -->
<testsuite hostname="Office-PC" name="Sep3.UnchckboxTNG$ChckboxesTNG" tests="1" failures="0" timestamp="3 Sep 2015 17:21:28 GMT" time="21.410" errors="0">
  <testcase name="chechkboxTest" time="21.410" classname="Sep3.UnchckboxTNG$ChckboxesTNG"/>
</testsuite> <!-- Sep3.UnchckboxTNG$ChckboxesTNG -->
