<?xml version="1.0" encoding="UTF-8"?>
<!-- Generated by org.testng.reporters.JUnitReportReporter -->
<testsuite hostname="Office-PC" name="Sep3.ChckboxesTNG" tests="1" failures="0" timestamp="3 Sep 2015 17:13:06 GMT" time="30.831" errors="0">
  <testcase name="chechkboxTest" time="30.831" classname="Sep3.ChckboxesTNG"/>
</testsuite> <!-- Sep3.ChckboxesTNG -->
