<?xml version="1.0" encoding="UTF-8"?>
<!-- Generated by org.testng.reporters.JUnitReportReporter -->
<testsuite hostname="Office-PC" name="Sep3.UnchckboxTNG" tests="1" failures="0" timestamp="3 Sep 2015 17:23:23 GMT" time="27.657" errors="0">
  <testcase name="chechkboxTest" time="27.657" classname="Sep3.UnchckboxTNG"/>
</testsuite> <!-- Sep3.UnchckboxTNG -->
