<?xml version="1.0" encoding="UTF-8"?>
<!-- Generated by org.testng.reporters.JUnitReportReporter -->
<testsuite hostname="Office-PC" name="Sep10.Staticwebtable" tests="1" failures="0" timestamp="10 Sep 2015 17:37:20 GMT" time="33.153" errors="0">
  <testcase name="staticwebtableTest" time="33.153" classname="Sep10.Staticwebtable"/>
</testsuite> <!-- Sep10.Staticwebtable -->
