<?xml version="1.0" encoding="UTF-8"?>
<!-- Generated by org.testng.reporters.JUnitReportReporter -->
<testsuite hostname="Office-PC" name="Sep8.slidebarhrztl" tests="1" failures="0" timestamp="9 Sep 2015 10:25:11 GMT" time="12.970" errors="0">
  <testcase name="slidebarTest" time="12.970" classname="Sep8.slidebarhrztl"/>
</testsuite> <!-- Sep8.slidebarhrztl -->
