<?xml version="1.0" encoding="UTF-8"?>
<!-- Generated by org.testng.reporters.JUnitReportReporter -->
<testsuite hostname="Office-PC" name="Sep10.Dynamicwebtable" tests="1" failures="0" timestamp="11 Sep 2015 09:23:47 GMT" time="152.180" errors="0">
  <testcase name="dynwebtableTest" time="152.180" classname="Sep10.Dynamicwebtable"/>
</testsuite> <!-- Sep10.Dynamicwebtable -->
