<?xml version="1.0" encoding="UTF-8"?>
<!-- Generated by org.testng.reporters.JUnitReportReporter -->
<testsuite hostname="Office-PC" name="Sep8.MouseHover" tests="1" failures="0" timestamp="8 Sep 2015 17:28:16 GMT" time="13.368" errors="0">
  <testcase name="mouseHoverTest" time="13.368" classname="Sep8.MouseHover"/>
</testsuite> <!-- Sep8.MouseHover -->
