<?xml version="1.0" encoding="UTF-8"?>
<!-- Generated by org.testng.reporters.JUnitReportReporter -->
<testsuite hostname="Office-PC" name="Sep9.Implicitwait" tests="1" failures="0" timestamp="9 Sep 2015 10:53:24 GMT" time="23.453" errors="0">
  <testcase name="impliwaitTest" time="23.453" classname="Sep9.Implicitwait"/>
</testsuite> <!-- Sep9.Implicitwait -->
