<?xml version="1.0" encoding="UTF-8"?>
<!-- Generated by org.testng.reporters.JUnitReportReporter -->
<testsuite hostname="Office-PC" name="Sep8.Mouserghtclk" tests="1" failures="0" timestamp="8 Sep 2015 17:30:42 GMT" time="11.931" errors="0">
  <testcase name="rightclickTest" time="11.931" classname="Sep8.Mouserghtclk"/>
</testsuite> <!-- Sep8.Mouserghtclk -->
