<?xml version="1.0" encoding="UTF-8"?>
<!-- Generated by org.testng.reporters.JUnitReportReporter -->
<testsuite hostname="Office-PC" name="Sep9.Explicitwait_Fluentwait" tests="1" failures="0" timestamp="9 Sep 2015 10:55:39 GMT" time="45.528" errors="0">
  <testcase name="fluentwaitTest" time="45.528" classname="Sep9.Explicitwait_Fluentwait"/>
</testsuite> <!-- Sep9.Explicitwait_Fluentwait -->
