<?xml version="1.0" encoding="UTF-8"?>
<!-- Generated by org.testng.reporters.JUnitReportReporter -->
<testsuite hostname="Office-PC" name="Sep4.Multiplewindws1" tests="1" failures="0" timestamp="4 Sep 2015 16:39:11 GMT" time="83.012" errors="0">
  <testcase name="MultipleWindowTest" time="83.012" classname="Sep4.Multiplewindws1"/>
</testsuite> <!-- Sep4.Multiplewindws1 -->
