<?xml version="1.0" encoding="UTF-8"?>
<!-- Generated by org.testng.reporters.JUnitReportReporter -->
<testsuite hostname="Office-PC" name="Sep3.Sample1" tests="3" failures="0" timestamp="3 Sep 2015 17:20:46 GMT" time="0.014" errors="0">
  <testcase name="loginTest" time="0.011" classname="Sep3.Sample1"/>
  <testcase name="regTest" time="0.001" classname="Sep3.Sample1"/>
  <testcase name="logoutTest" time="0.002" classname="Sep3.Sample1"/>
</testsuite> <!-- Sep3.Sample1 -->
