<?xml version="1.0" encoding="UTF-8"?>
<!-- Generated by org.testng.reporters.JUnitReportReporter -->
<testsuite hostname="Office-PC" name="Sep3.Xpathdynmcallychnges" tests="1" failures="0" timestamp="4 Sep 2015 03:49:53 GMT" time="18.937" errors="0">
  <testcase name="xpathTest" time="18.937" classname="Sep3.Xpathdynmcallychnges"/>
</testsuite> <!-- Sep3.Xpathdynmcallychnges -->
