<?xml version="1.0" encoding="UTF-8"?>
<!-- Generated by org.testng.reporters.JUnitReportReporter -->
<testsuite hostname="Office-PC" name="TC1.TestCase1" tests="1" failures="0" timestamp="1 Oct 2015 10:20:14 GMT" time="14.767" errors="0">
  <testcase name="pomTest" time="14.767" classname="TC1.TestCase1"/>
</testsuite> <!-- TC1.TestCase1 -->
