<?xml version="1.0" encoding="UTF-8"?>
<!-- Generated by org.testng.reporters.JUnitReportReporter -->
<testsuite hostname="Office-PC" name="Sep14.Webtablecapdatastoreinxl" tests="1" failures="0" timestamp="16 Sep 2015 11:40:54 GMT" time="30.895" errors="0">
  <testcase name="webTable" time="30.895" classname="Sep14.Webtablecapdatastoreinxl"/>
</testsuite> <!-- Sep14.Webtablecapdatastoreinxl -->
