<?xml version="1.0" encoding="UTF-8"?>
<!-- Generated by org.testng.reporters.JUnitReportReporter -->
<testsuite hostname="Office-PC" name="BatchTest.Login" tests="1" failures="0" timestamp="23 Sep 2015 14:01:51 GMT" time="3.262" errors="0">
  <testcase name="loginTest" time="3.262" classname="BatchTest.Login"/>
</testsuite> <!-- BatchTest.Login -->
