<?xml version="1.0" encoding="UTF-8"?>
<!-- Generated by org.testng.reporters.JUnitReportReporter -->
<testsuite hostname="Office-PC" name="FW.Gmailloginuisngprop" tests="1" failures="0" timestamp="25 Sep 2015 13:01:13 GMT" time="21.329" errors="0">
  <testcase name="loginTest" time="21.329" classname="FW.Gmailloginuisngprop"/>
</testsuite> <!-- FW.Gmailloginuisngprop -->
