<?xml version="1.0" encoding="UTF-8"?>
<!-- Generated by org.testng.reporters.JUnitReportReporter -->
<testsuite hostname="Office-PC" name="FW.LoginusingKeywords" tests="1" failures="0" timestamp="5 Oct 2015 17:50:55 GMT" time="33.683" errors="0">
  <testcase name="loginTest" time="33.683" classname="FW.LoginusingKeywords"/>
</testsuite> <!-- FW.LoginusingKeywords -->
