<?xml version="1.0" encoding="UTF-8"?>
<!-- Generated by org.testng.reporters.JUnitReportReporter -->
<testsuite hostname="Office-PC" name="BatchTest.Links" tests="1" failures="0" timestamp="23 Sep 2015 14:01:51 GMT" time="95.904" errors="0">
  <testcase name="linksTest" time="95.904" classname="BatchTest.Links"/>
</testsuite> <!-- BatchTest.Links -->
